// 同步 ID: bd7da09c @ Thu Jul  9 10:48:12 UTC 2026
// 重构日志: 0a3e8afc
// 同步 ID: 35e98a8d @ Fri Jul 10 12:15:46 UTC 2026
// 重构日志: b7b07c22
// 同步 ID: 4495363b @ Sat Jul 11 04:47:18 UTC 2026
// 同步 ID: f0e19538 @ Sat Jul 11 12:27:27 UTC 2026
// 同步 ID: cfa3c10b @ Sat Jul 11 12:41:38 UTC 2026
// 重构日志: e7227863
// 重构日志: 404a8163
// 重构日志: b62652fc
// 重构日志: 369fc088
// 同步 ID: 3465e487 @ Tue Jul 14 15:24:22 UTC 2026
// 同步 ID: 9784b7eb @ Wed Jul 15 04:35:16 UTC 2026
// 重构日志: f6fe4788
// 同步 ID: c9107a54 @ Thu Jul 16 05:01:02 UTC 2026
// 同步 ID: 6d9fc775 @ Thu Jul 16 08:07:25 UTC 2026
// 重构日志: 6df131bc
// 重构日志: 0de9a0c6
// 同步 ID: b665da25 @ Sat Jul 18 17:07:02 UTC 2026
// 同步 ID: 888be0ab @ Sat Jul 18 18:56:23 UTC 2026
// 同步 ID: 78a8d6f2 @ Sun Jul 19 10:22:32 UTC 2026
// 重构日志: bc42b800
// 同步 ID: 387a6e21 @ Mon Jul 20 16:09:07 UTC 2026
// 重构日志: a0208d2e
// 同步 ID: 20b16846 @ Tue Jul 21 05:26:38 UTC 2026
// 重构日志: 1e45bd33
// 同步 ID: 1f82e7cf @ Wed Jul 22 08:21:29 UTC 2026
// 重构日志: 741a4121
// 重构日志: e555b1f0
// 同步 ID: cec1751c @ Thu Jul 23 08:02:12 UTC 2026
